<?xml version="1.0" encoding="UTF-8"?>
<testsuite xmlns:xsi="http://www.w3.org/2001/XMLSchema-instance" xsi:noNamespaceSchemaLocation="https://maven.apache.org/surefire/maven-surefire-plugin/xsd/surefire-test-report.xsd" name="pl.sda.NatoUtilTest" time="0.047" tests="2" errors="0" skipped="0" failures="0">
  <properties>
[...]
</properties>
  <testcase name="decodeNato" classname="pl.sda.NatoUtilTest" time="0.016"/>
  <testcase name="encodeNato" classname="pl.sda.NatoUtilTest" time="0"/>
</testsuite>